[maryinvite.ru/eraly_ayaulym.html]
[backblue.gif]
[fade.gif]
[index.html]
[maryinvite.ru/Eraly_Ayaulym-2.html]
[static.tildacdn.com/tild6634-3762-4937-a338-346562386239/IMG_1834_tilda432247.jpg]
[static.tildacdn.com/img/tildafavicon.ico]
[neo.tildacdn.com/js/tilda-fallback-1.0.min.js]
[static.tildacdn.com/css/tilda-grid-3.0.min.css]
[static.tildacdn.com/ws/project5119913/tilda-blocks-page72435895.min6c66.css]
[static.tildacdn.com/css/tilda-animation-2.0.min.css]
[static.tildacdn.com/css/tilda-forms-1.0.min.css]
[static.tildacdn.com/css/tilda-slds-1.4.min.css]
[static.tildacdn.com/css/tilda-zero-gallery-1.0.min.css]
[static.tildacdn.com/js/tilda-polyfill-1.0.min.js]
[static.tildacdn.com/js/jquery-1.10.2.min.js]
[static.tildacdn.com/js/tilda-scripts-3.0.min.js]
[static.tildacdn.com/ws/project5119913/tilda-blocks-page72435895.min6c66.js]
[maryinvite.ru/OPR/index.html]
[static.tildacdn.com/js/tilda-lazyload-1.0.min.js]
[static.tildacdn.com/js/tilda-animation-2.0.min.js]
[static.tildacdn.com/js/tilda-zero-1.1.min.js]
[static.tildacdn.com/js/tilda-forms-1.0.min.js]
[static.tildacdn.com/js/tilda-slds-1.4.min.js]
[static.tildacdn.com/js/tilda-zero-gallery-1.0.min.js]
[static.tildacdn.com/js/hammer.min.js]
[static.tildacdn.com/js/tilda-zero-scale-1.0.min.js]
[static.tildacdn.com/js/tilda-events-1.0.min.js]
[cdn.abros.dev/tilab/tilab.js]
[thb.tildacdn.com/tild3365-6135-4466-a634-366162616639/-/resize/20x/IMG_1965_tilda432247.jpg]
[static.tildacdn.com/tild3335-3132-4437-a539-316232333263/18082025.svg]
[static.tildacdn.com/tild3038-3963-4431-b532-646266366635/photo.png]
[static.tildacdn.com/tild6338-3136-4963-b838-613138663964/photo.png]
[static.tildacdn.com/tild6461-3566-4531-b734-646566326237/svg_1727202866580.svg]
[static.tildacdn.com/tild6362-6139-4331-a230-346531393430/_.svg]
[dl.dropbox.com/scl/fi/bhga7lj6bfucg5fgnm8wg/Love_Story_Version_Orchestrale-1.20b1fa.delayed]
[dl.dropboxusercontent.com/scl/fi/bhga7lj6bfucg5fgnm8wg/Love_Story_Version_Orchestrale (1).mp3_; filename_=UTF-8''Love_Story_Version_Orchestrale%20%281%29b1fa.mp3]
[static.tildacdn.com/tild3234-6561-4837-b263-623637336166/Frame_10.svg]
[static.tildacdn.com/tild3261-3734-4365-b665-373763346461/photo.svg]
[static.tildacdn.com/tild3430-6564-4161-b037-666431626264/photo.svg]
[static.tildacdn.com/tild3335-6461-4064-b662-316235313666/_.svg]
[static.tildacdn.com/tild3862-6531-4561-a330-626332663065/photo.svg]
[static.tildacdn.com/tild6136-3965-4430-b664-663735366535/svg_1727239948061.svg]
[static.tildacdn.com/tild3865-3466-4537-a566-353337303661/photo.svg]
[thb.tildacdn.com/tild6362-3036-4231-a231-336436363730/-/resize/20x/Group_13.png]
[static.tildacdn.com/tild6439-3063-4232-a434-656366346338/Group_234.svg]
[static.tildacdn.com/tild3436-6266-4139-a134-356139396432/photo.svg]
[unpkg.com/animejs@3.1.0/lib/anime.min.js]
[static.tildacdn.com/tild3561-3334-4266-a537-343636393436/_____.svg]
[thb.tildacdn.com/tild6331-3135-4364-a464-373561663032/-/resize/20x/1.png]
[thb.tildacdn.com/tild3532-6531-4962-a637-646431396235/-/resize/20x/2.png]
[static.tildacdn.com/tild3365-3465-4738-b038-373035643763/photo.svg]
[static.tildacdn.com/tild6335-3262-4162-b731-636231636561/photo.svg]
[static.tildacdn.com/tild3363-3164-4230-a161-653338396131/_.svg]
[static.tildacdn.com/tild6331-3165-4965-a539-383130363534/photo.svg]
[static.tildacdn.com/js/tilda-variant-select-1.0.min.js]
[thb.tildacdn.com/tild6632-3238-4332-b539-633865353063/-/resize/20x/photo.png]
[static.tildacdn.com/tild3839-6261-4663-a134-366566663565/__.svg]
[static.tildacdn.com/tild6465-6562-4135-b739-306236633462/_.svg]
[megatimer.ru/get/afe231cc83d7df41b68ec8f39688b678.js]
[maryinvite.ru/eraly_ayaulym.html]
[maryinvite.ru/Eraly_Ayaulym-2.html]
[static.tildacdn.com/js/tilda-stat-1.0.min.js]
[ws.tildacdn.com/index.html]
[static.tildacdn.com/index.html]
[static.tildacdn.com/css/tilda-grid-3.0.min.css]
[static.tildacdn.com/ws/project5119913/tilda-blocks-page72435895.min6c66.css]
[static.tildacdn.com/css/tilda-animation-2.0.min.css]
[static.tildacdn.com/css/tilda-forms-1.0.min.css]
[static.tildacdn.com/css/tilda-slds-1.4.min.css]
[static.tildacdn.com/css/tilda-zero-gallery-1.0.min.css]
[fonts.googleapis.com/css2d5f3.css]
[maryinvite.ru/OPR/index.html]
[static.tildacdn.com/tild3335-3132-4437-a539-316232333263/18082025.svg]
[static.tildacdn.com/tild6461-3566-4531-b734-646566326237/svg_1727202866580.svg]
[static.tildacdn.com/tild6362-6139-4331-a230-346531393430/_.svg]
[static.tildacdn.com/tild3234-6561-4837-b263-623637336166/Frame_10.svg]
[static.tildacdn.com/tild3261-3734-4365-b665-373763346461/photo.svg]
[static.tildacdn.com/tild3430-6564-4161-b037-666431626264/photo.svg]
[static.tildacdn.com/tild3335-6461-4064-b662-316235313666/_.svg]
[static.tildacdn.com/tild3862-6531-4561-a330-626332663065/photo.svg]
[static.tildacdn.com/tild6136-3965-4430-b664-663735366535/svg_1727239948061.svg]
[static.tildacdn.com/tild3865-3466-4537-a566-353337303661/photo.svg]
[static.tildacdn.com/tild6439-3063-4232-a434-656366346338/Group_234.svg]
[static.tildacdn.com/tild3436-6266-4139-a134-356139396432/photo.svg]
[static.tildacdn.com/tild3561-3334-4266-a537-343636393436/_____.svg]
[static.tildacdn.com/tild3365-3465-4738-b038-373035643763/photo.svg]
[static.tildacdn.com/tild6335-3262-4162-b731-636231636561/photo.svg]
[static.tildacdn.com/tild3363-3164-4230-a161-653338396131/_.svg]
[static.tildacdn.com/tild6331-3165-4965-a539-383130363534/photo.svg]
[static.tildacdn.com/tild3839-6261-4663-a134-366566663565/__.svg]
[static.tildacdn.com/tild6465-6562-4135-b739-306236633462/_.svg]
